callnode: qnn.conv2d stride: 2, 2
	oc group idx: 0
		i_tile_coord(h,w): (0, 0)
		i_tile_shape: (14, 14, 32)
		i_tile_offset: 0
		o_tile_coord(h,w): (0, 0)
		o_tile_shape: (7, 7, 32)
		o_tile_offset: 0
		padding: [1, 1, 0, 0]
		weight_offset: 0
		bias_offset: 0
		scale_offset: -1

	oc group idx: 1
		i_tile_coord(h,w): (0, 0)
		i_tile_shape: (14, 14, 32)
		i_tile_offset: 0
		o_tile_coord(h,w): (0, 0)
		o_tile_shape: (7, 7, 32)
		o_tile_offset: 256
		padding: [1, 1, 0, 0]
		weight_offset: 9216
		bias_offset: 128
		scale_offset: -1

	oc group idx: 0
		i_tile_coord(h,w): (0, 13)
		i_tile_shape: (14, 3, 32)
		i_tile_offset: 104
		o_tile_coord(h,w): (0, 7)
		o_tile_shape: (7, 1, 32)
		o_tile_offset: 56
		padding: [1, 0, 0, 0]
		weight_offset: 0
		bias_offset: 0
		scale_offset: -1

	oc group idx: 1
		i_tile_coord(h,w): (0, 13)
		i_tile_shape: (14, 3, 32)
		i_tile_offset: 104
		o_tile_coord(h,w): (0, 7)
		o_tile_shape: (7, 1, 32)
		o_tile_offset: 312
		padding: [1, 0, 0, 0]
		weight_offset: 9216
		bias_offset: 128
		scale_offset: -1

	oc group idx: 0
		i_tile_coord(h,w): (13, 0)
		i_tile_shape: (3, 14, 32)
		i_tile_offset: 6656
		o_tile_coord(h,w): (7, 0)
		o_tile_shape: (1, 7, 32)
		o_tile_offset: 3584
		padding: [0, 1, 0, 0]
		weight_offset: 0
		bias_offset: 0
		scale_offset: -1

	oc group idx: 1
		i_tile_coord(h,w): (13, 0)
		i_tile_shape: (3, 14, 32)
		i_tile_offset: 6656
		o_tile_coord(h,w): (7, 0)
		o_tile_shape: (1, 7, 32)
		o_tile_offset: 3840
		padding: [0, 1, 0, 0]
		weight_offset: 9216
		bias_offset: 128
		scale_offset: -1

	oc group idx: 0
		i_tile_coord(h,w): (13, 13)
		i_tile_shape: (3, 3, 32)
		i_tile_offset: 6760
		o_tile_coord(h,w): (7, 7)
		o_tile_shape: (1, 1, 32)
		o_tile_offset: 3640
		padding: [0, 0, 0, 0]
		weight_offset: 0
		bias_offset: 0
		scale_offset: -1

	oc group idx: 1
		i_tile_coord(h,w): (13, 13)
		i_tile_shape: (3, 3, 32)
		i_tile_offset: 6760
		o_tile_coord(h,w): (7, 7)
		o_tile_shape: (1, 1, 32)
		o_tile_offset: 3896
		padding: [0, 0, 0, 0]
		weight_offset: 9216
		bias_offset: 128
		scale_offset: -1

