callnode: qnn.conv2d stride: 2, 2
	oc group idx: 0
		i_tile_coord(h,w): (0, 0)
		i_tile_shape: (18, 18, 3)
		i_tile_offset: 0
		o_tile_coord(h,w): (0, 0)
		o_tile_shape: (9, 9, 32)
		o_tile_offset: 0
		padding: [1, 1, 0, 0]
		weight_offset: 0
		bias_offset: 0
		scale_offset: -1

	oc group idx: 0
		i_tile_coord(h,w): (0, 17)
		i_tile_shape: (18, 15, 3)
		i_tile_offset: 136
		o_tile_coord(h,w): (0, 9)
		o_tile_shape: (9, 7, 32)
		o_tile_offset: 72
		padding: [1, 0, 0, 0]
		weight_offset: 0
		bias_offset: 0
		scale_offset: -1

	oc group idx: 0
		i_tile_coord(h,w): (17, 0)
		i_tile_shape: (15, 18, 3)
		i_tile_offset: 4352
		o_tile_coord(h,w): (9, 0)
		o_tile_shape: (7, 9, 32)
		o_tile_offset: 4608
		padding: [0, 1, 0, 0]
		weight_offset: 0
		bias_offset: 0
		scale_offset: -1

	oc group idx: 0
		i_tile_coord(h,w): (17, 17)
		i_tile_shape: (15, 15, 3)
		i_tile_offset: 4488
		o_tile_coord(h,w): (9, 9)
		o_tile_shape: (7, 7, 32)
		o_tile_offset: 4680
		padding: [0, 0, 0, 0]
		weight_offset: 0
		bias_offset: 0
		scale_offset: -1

