callnode: qnn.conv2d stride: 1, 1
	oc group idx: 0
		i_tile_coord(h,w): (0, 0)
		i_tile_shape: (7, 7, 128)
		i_tile_offset: 0
		o_tile_coord(h,w): (0, 0)
		o_tile_shape: (7, 7, 32)
		o_tile_offset: 0
		padding: [0, 0, 0, 0]
		weight_offset: 0
		bias_offset: 0
		scale_offset: -1

	oc group idx: 1
		i_tile_coord(h,w): (0, 0)
		i_tile_shape: (7, 7, 128)
		i_tile_offset: 0
		o_tile_coord(h,w): (0, 0)
		o_tile_shape: (7, 7, 32)
		o_tile_offset: 256
		padding: [0, 0, 0, 0]
		weight_offset: 4096
		bias_offset: 128
		scale_offset: -1

	oc group idx: 0
		i_tile_coord(h,w): (0, 7)
		i_tile_shape: (7, 1, 128)
		i_tile_offset: 56
		o_tile_coord(h,w): (0, 7)
		o_tile_shape: (7, 1, 32)
		o_tile_offset: 56
		padding: [0, 0, 0, 0]
		weight_offset: 0
		bias_offset: 0
		scale_offset: -1

	oc group idx: 1
		i_tile_coord(h,w): (0, 7)
		i_tile_shape: (7, 1, 128)
		i_tile_offset: 56
		o_tile_coord(h,w): (0, 7)
		o_tile_shape: (7, 1, 32)
		o_tile_offset: 312
		padding: [0, 0, 0, 0]
		weight_offset: 4096
		bias_offset: 128
		scale_offset: -1

	oc group idx: 0
		i_tile_coord(h,w): (7, 0)
		i_tile_shape: (1, 7, 128)
		i_tile_offset: 7168
		o_tile_coord(h,w): (7, 0)
		o_tile_shape: (1, 7, 32)
		o_tile_offset: 3584
		padding: [0, 0, 0, 0]
		weight_offset: 0
		bias_offset: 0
		scale_offset: -1

	oc group idx: 1
		i_tile_coord(h,w): (7, 0)
		i_tile_shape: (1, 7, 128)
		i_tile_offset: 7168
		o_tile_coord(h,w): (7, 0)
		o_tile_shape: (1, 7, 32)
		o_tile_offset: 3840
		padding: [0, 0, 0, 0]
		weight_offset: 4096
		bias_offset: 128
		scale_offset: -1

	oc group idx: 0
		i_tile_coord(h,w): (7, 7)
		i_tile_shape: (1, 1, 128)
		i_tile_offset: 7224
		o_tile_coord(h,w): (7, 7)
		o_tile_shape: (1, 1, 32)
		o_tile_offset: 3640
		padding: [0, 0, 0, 0]
		weight_offset: 0
		bias_offset: 0
		scale_offset: -1

	oc group idx: 1
		i_tile_coord(h,w): (7, 7)
		i_tile_shape: (1, 1, 128)
		i_tile_offset: 7224
		o_tile_coord(h,w): (7, 7)
		o_tile_shape: (1, 1, 32)
		o_tile_offset: 3896
		padding: [0, 0, 0, 0]
		weight_offset: 4096
		bias_offset: 128
		scale_offset: -1

